<?xml version="1.0" encoding="UTF-8" ?>
<testsuite failures="0" time="5.242" errors="0" skipped="0" tests="23" name="es.udc.jcastedo.NosaTenda.test.model.compraService.CompraServiceTest">
  <properties>
[...]
</properties>
  <testcase time="1.145" classname="es.udc.jcastedo.NosaTenda.test.model.compraService.CompraServiceTest" name="testCompraDaoHibernate"/>
  <testcase time="0.113" classname="es.udc.jcastedo.NosaTenda.test.model.compraService.CompraServiceTest" name="testGetVentasDaoHibernate"/>
  <testcase time="0.036" classname="es.udc.jcastedo.NosaTenda.test.model.compraService.CompraServiceTest" name="testCompraDaoHibernateGetCompras"/>
  <testcase time="0.045" classname="es.udc.jcastedo.NosaTenda.test.model.compraService.CompraServiceTest" name="testGetVentasByProductoIdByRangoDaoHibernate"/>
  <testcase time="0.006" classname="es.udc.jcastedo.NosaTenda.test.model.compraService.CompraServiceTest" name="testCompraDaoHibernateGetComprasEmpty"/>
  <testcase time="0.036" classname="es.udc.jcastedo.NosaTenda.test.model.compraService.CompraServiceTest" name="testGetVentasByProductoIdDaoHibernate"/>
  <testcase time="0.062" classname="es.udc.jcastedo.NosaTenda.test.model.compraService.CompraServiceTest" name="testGetVentasByTiendaIdDesgloseDaoHibernate"/>
  <testcase time="0.011" classname="es.udc.jcastedo.NosaTenda.test.model.compraService.CompraServiceTest" name="testGuardarCompraInstanceNotFound"/>
  <testcase time="0.008" classname="es.udc.jcastedo.NosaTenda.test.model.compraService.CompraServiceTest" name="testGetComprasEmpty"/>
  <testcase time="0.1" classname="es.udc.jcastedo.NosaTenda.test.model.compraService.CompraServiceTest" name="testGetVentasByCategoriaIdByTiendaIdDesgloseDaoHibernate"/>
  <testcase time="0.057" classname="es.udc.jcastedo.NosaTenda.test.model.compraService.CompraServiceTest" name="testGetComprasById"/>
  <testcase time="0.081" classname="es.udc.jcastedo.NosaTenda.test.model.compraService.CompraServiceTest" name="testGetComprasByTienda"/>
  <testcase time="0.072" classname="es.udc.jcastedo.NosaTenda.test.model.compraService.CompraServiceTest" name="testGetVentasByCategoriaIdByTiendaIdDaoHibernate"/>
  <testcase time="0.085" classname="es.udc.jcastedo.NosaTenda.test.model.compraService.CompraServiceTest" name="testGetVentasByCategoriaIdDaoHibernate"/>
  <testcase time="0.05" classname="es.udc.jcastedo.NosaTenda.test.model.compraService.CompraServiceTest" name="testCompraDaoHibernateGetComprasByTiendaId"/>
  <testcase time="0.013" classname="es.udc.jcastedo.NosaTenda.test.model.compraService.CompraServiceTest" name="testCompraNotVerifiedDaoHibernate"/>
  <testcase time="0.011" classname="es.udc.jcastedo.NosaTenda.test.model.compraService.CompraServiceTest" name="testGetComprasByIdNotFound"/>
  <testcase time="0.046" classname="es.udc.jcastedo.NosaTenda.test.model.compraService.CompraServiceTest" name="testGetCompras"/>
  <testcase time="0.03" classname="es.udc.jcastedo.NosaTenda.test.model.compraService.CompraServiceTest" name="testGetVentasByTiendaIdDaoHibernate"/>
  <testcase time="0.021" classname="es.udc.jcastedo.NosaTenda.test.model.compraService.CompraServiceTest" name="testCompraDaoHibernateGetComprasByClienteId"/>
  <testcase time="0.013" classname="es.udc.jcastedo.NosaTenda.test.model.compraService.CompraServiceTest" name="testGuardarCompra"/>
  <testcase time="0.03" classname="es.udc.jcastedo.NosaTenda.test.model.compraService.CompraServiceTest" name="testGetComprasByCliente"/>
  <testcase time="0.056" classname="es.udc.jcastedo.NosaTenda.test.model.compraService.CompraServiceTest" name="testGetVentasByCategoriaIdDesgloseDaoHibernate"/>
</testsuite>