<?xml version="1.0" encoding="UTF-8" ?>
<testsuite failures="0" time="2.004" errors="0" skipped="0" tests="58" name="es.udc.jcastedo.NosaTenda.test.model.productoService.ProductoServiceTest">
  <properties>
[...]
</properties>
  <testcase time="0.173" classname="es.udc.jcastedo.NosaTenda.test.model.productoService.ProductoServiceTest" name="testGetProductosByCategoriaEnVenta"/>
  <testcase time="0.05" classname="es.udc.jcastedo.NosaTenda.test.model.productoService.ProductoServiceTest" name="testGetProductosByLocalidadEnVenta"/>
  <testcase time="0.049" classname="es.udc.jcastedo.NosaTenda.test.model.productoService.ProductoServiceTest" name="testGetProductosByLocalidadProductoDaoHibernate"/>
  <testcase time="0.015" classname="es.udc.jcastedo.NosaTenda.test.model.productoService.ProductoServiceTest" name="testGetProductoData"/>
  <testcase time="0.018" classname="es.udc.jcastedo.NosaTenda.test.model.productoService.ProductoServiceTest" name="testEditProducto"/>
  <testcase time="0.029" classname="es.udc.jcastedo.NosaTenda.test.model.productoService.ProductoServiceTest" name="testGetProductosByTiendaDaoHibernate"/>
  <testcase time="0.047" classname="es.udc.jcastedo.NosaTenda.test.model.productoService.ProductoServiceTest" name="testGetFechasVentasByProducto"/>
  <testcase time="0.043" classname="es.udc.jcastedo.NosaTenda.test.model.productoService.ProductoServiceTest" name="testGetUnidadesVendidasByProducto"/>
  <testcase time="0.019" classname="es.udc.jcastedo.NosaTenda.test.model.productoService.ProductoServiceTest" name="testGetCategorias"/>
  <testcase time="0.053" classname="es.udc.jcastedo.NosaTenda.test.model.productoService.ProductoServiceTest" name="testGetProductosByTiendaFavDaoHibernate"/>
  <testcase time="0.008" classname="es.udc.jcastedo.NosaTenda.test.model.productoService.ProductoServiceTest" name="testHayStockInstanceNotFound"/>
  <testcase time="0.031" classname="es.udc.jcastedo.NosaTenda.test.model.productoService.ProductoServiceTest" name="testGetProductosCount"/>
  <testcase time="0.01" classname="es.udc.jcastedo.NosaTenda.test.model.productoService.ProductoServiceTest" name="testActualizarStockUp"/>
  <testcase time="0.037" classname="es.udc.jcastedo.NosaTenda.test.model.productoService.ProductoServiceTest" name="testGetHistoricoByProducto"/>
  <testcase time="0.028" classname="es.udc.jcastedo.NosaTenda.test.model.productoService.ProductoServiceTest" name="testEditProductoNotFoundProducto"/>
  <testcase time="0.002" classname="es.udc.jcastedo.NosaTenda.test.model.productoService.ProductoServiceTest" name="testVoid"/>
  <testcase time="0.046" classname="es.udc.jcastedo.NosaTenda.test.model.productoService.ProductoServiceTest" name="testProductoDaoHibernateSearch"/>
  <testcase time="0.081" classname="es.udc.jcastedo.NosaTenda.test.model.productoService.ProductoServiceTest" name="testGetUnidadesVendidasByCategoria"/>
  <testcase time="0.043" classname="es.udc.jcastedo.NosaTenda.test.model.productoService.ProductoServiceTest" name="testGetUnidadesVendidasByTienda"/>
  <testcase time="0.009" classname="es.udc.jcastedo.NosaTenda.test.model.productoService.ProductoServiceTest" name="testActualizarStockInstanceNotFound"/>
  <testcase time="0.041" classname="es.udc.jcastedo.NosaTenda.test.model.productoService.ProductoServiceTest" name="testGetProductosEnVenta"/>
  <testcase time="0.042" classname="es.udc.jcastedo.NosaTenda.test.model.productoService.ProductoServiceTest" name="testGetProductosEnVentaYAgostados"/>
  <testcase time="0.053" classname="es.udc.jcastedo.NosaTenda.test.model.productoService.ProductoServiceTest" name="testGetProductosByCategoriaTiendaEnVenta"/>
  <testcase time="0.007" classname="es.udc.jcastedo.NosaTenda.test.model.productoService.ProductoServiceTest" name="testDeleteProductoInstanceNotFound"/>
  <testcase time="0.03" classname="es.udc.jcastedo.NosaTenda.test.model.productoService.ProductoServiceTest" name="testPonerEnVenta"/>
  <testcase time="0.008" classname="es.udc.jcastedo.NosaTenda.test.model.productoService.ProductoServiceTest" name="testNewProducto"/>
  <testcase time="0.062" classname="es.udc.jcastedo.NosaTenda.test.model.productoService.ProductoServiceTest" name="testGetUnidadesVendidasByCategoriaDesglose"/>
  <testcase time="0.006" classname="es.udc.jcastedo.NosaTenda.test.model.productoService.ProductoServiceTest" name="testActualizarStockDown"/>
  <testcase time="0.011" classname="es.udc.jcastedo.NosaTenda.test.model.productoService.ProductoServiceTest" name="testFindProductoById"/>
  <testcase time="0.033" classname="es.udc.jcastedo.NosaTenda.test.model.productoService.ProductoServiceTest" name="testGetProductos"/>
  <testcase time="0.027" classname="es.udc.jcastedo.NosaTenda.test.model.productoService.ProductoServiceTest" name="testDeleteProducto"/>
  <testcase time="0.069" classname="es.udc.jcastedo.NosaTenda.test.model.productoService.ProductoServiceTest" name="testGetHistoricoVentasByProducto"/>
  <testcase time="0.01" classname="es.udc.jcastedo.NosaTenda.test.model.productoService.ProductoServiceTest" name="testGetLocalidades"/>
  <testcase time="0.043" classname="es.udc.jcastedo.NosaTenda.test.model.productoService.ProductoServiceTest" name="testGetUnidadesVendidasByProductoByRango"/>
  <testcase time="0.07" classname="es.udc.jcastedo.NosaTenda.test.model.productoService.ProductoServiceTest" name="testGetUnidadesVendidasByCategoriaByTienda"/>
  <testcase time="0.041" classname="es.udc.jcastedo.NosaTenda.test.model.productoService.ProductoServiceTest" name="testGetProductosByCategoriaTienda"/>
  <testcase time="0.048" classname="es.udc.jcastedo.NosaTenda.test.model.productoService.ProductoServiceTest" name="testGetProductosByCategoria"/>
  <testcase time="0.025" classname="es.udc.jcastedo.NosaTenda.test.model.productoService.ProductoServiceTest" name="testGetProductosByTiendaEnVenta"/>
  <testcase time="0.052" classname="es.udc.jcastedo.NosaTenda.test.model.productoService.ProductoServiceTest" name="testGetProductosByTiendaFavEnVenta"/>
  <testcase time="0.031" classname="es.udc.jcastedo.NosaTenda.test.model.productoService.ProductoServiceTest" name="testGetProductosByTiendaFav"/>
  <testcase time="0.051" classname="es.udc.jcastedo.NosaTenda.test.model.productoService.ProductoServiceTest" name="testGetUnidadesVendidasByTiendaDesglose"/>
  <testcase time="0.115" classname="es.udc.jcastedo.NosaTenda.test.model.productoService.ProductoServiceTest" name="testGetUnidadesVendidasByCategoriaByTiendaDesglose"/>
  <testcase time="0.006" classname="es.udc.jcastedo.NosaTenda.test.model.productoService.ProductoServiceTest" name="testActualizarStockInsufficientStock"/>
  <testcase time="0.007" classname="es.udc.jcastedo.NosaTenda.test.model.productoService.ProductoServiceTest" name="testHayStock"/>
  <testcase time="0.024" classname="es.udc.jcastedo.NosaTenda.test.model.productoService.ProductoServiceTest" name="testGetProductosByTienda"/>
  <testcase time="0.004" classname="es.udc.jcastedo.NosaTenda.test.model.productoService.ProductoServiceTest" name="testNewProductoInstanceNotFound"/>
  <testcase time="0.017" classname="es.udc.jcastedo.NosaTenda.test.model.productoService.ProductoServiceTest" name="testEditPrecio"/>
  <testcase time="0.012" classname="es.udc.jcastedo.NosaTenda.test.model.productoService.ProductoServiceTest" name="testFindProductoByIdNotFoundProducto"/>
  <testcase time="0.029" classname="es.udc.jcastedo.NosaTenda.test.model.productoService.ProductoServiceTest" name="testSearchProductos"/>
  <testcase time="0.026" classname="es.udc.jcastedo.NosaTenda.test.model.productoService.ProductoServiceTest" name="testGetProductosEmptyList"/>
  <testcase time="0.006" classname="es.udc.jcastedo.NosaTenda.test.model.productoService.ProductoServiceTest" name="testGetLocalidadesLocalidadDaoHibernate"/>
  <testcase time="0.022" classname="es.udc.jcastedo.NosaTenda.test.model.productoService.ProductoServiceTest" name="testCategoriaDaoHibernate"/>
  <testcase time="0.031" classname="es.udc.jcastedo.NosaTenda.test.model.productoService.ProductoServiceTest" name="testGetUnidadesVendidas"/>
  <testcase time="0.025" classname="es.udc.jcastedo.NosaTenda.test.model.productoService.ProductoServiceTest" name="testGetProductosByLocalidad"/>
  <testcase time="0.005" classname="es.udc.jcastedo.NosaTenda.test.model.productoService.ProductoServiceTest" name="testActualizarStockBadRequest"/>
  <testcase time="0.026" classname="es.udc.jcastedo.NosaTenda.test.model.productoService.ProductoServiceTest" name="testGetProductosEnVentaAgotados"/>
  <testcase time="0.008" classname="es.udc.jcastedo.NosaTenda.test.model.productoService.ProductoServiceTest" name="testProductoLazy"/>
  <testcase time="0.008" classname="es.udc.jcastedo.NosaTenda.test.model.productoService.ProductoServiceTest" name="testEditProductoNotFoundTienda"/>
</testsuite>