<?xml version="1.0" encoding="UTF-8" ?>
<testsuite failures="0" time="0.597" errors="0" skipped="0" tests="24" name="es.udc.jcastedo.NosaTenda.test.model.reservaService.ReservaServiceTest">
  <properties>
[...]
</properties>
  <testcase time="0.075" classname="es.udc.jcastedo.NosaTenda.test.model.reservaService.ReservaServiceTest" name="testGetVentasDaoHibernate"/>
  <testcase time="0.009" classname="es.udc.jcastedo.NosaTenda.test.model.reservaService.ReservaServiceTest" name="testCancelarReserva"/>
  <testcase time="0.036" classname="es.udc.jcastedo.NosaTenda.test.model.reservaService.ReservaServiceTest" name="testGetVentasByProductoIdByRangoDaoHibernate"/>
  <testcase time="0.024" classname="es.udc.jcastedo.NosaTenda.test.model.reservaService.ReservaServiceTest" name="testGetVentasByProductoIdDaoHibernate"/>
  <testcase time="0.008" classname="es.udc.jcastedo.NosaTenda.test.model.reservaService.ReservaServiceTest" name="testEntregarReservaNotFound"/>
  <testcase time="0.005" classname="es.udc.jcastedo.NosaTenda.test.model.reservaService.ReservaServiceTest" name="testGetReservasEmpty"/>
  <testcase time="0.036" classname="es.udc.jcastedo.NosaTenda.test.model.reservaService.ReservaServiceTest" name="testGetVentasByTiendaIdDesgloseDaoHibernate"/>
  <testcase time="0.071" classname="es.udc.jcastedo.NosaTenda.test.model.reservaService.ReservaServiceTest" name="testGetVentasByCategoriaIdByTiendaIdDesgloseDaoHibernate"/>
  <testcase time="0.016" classname="es.udc.jcastedo.NosaTenda.test.model.reservaService.ReservaServiceTest" name="testReservaDaoHibernateFind"/>
  <testcase time="0.005" classname="es.udc.jcastedo.NosaTenda.test.model.reservaService.ReservaServiceTest" name="testGetReservasByIdNotFound"/>
  <testcase time="0.048" classname="es.udc.jcastedo.NosaTenda.test.model.reservaService.ReservaServiceTest" name="testGetVentasByCategoriaIdByTiendaIdDaoHibernate"/>
  <testcase time="0.038" classname="es.udc.jcastedo.NosaTenda.test.model.reservaService.ReservaServiceTest" name="testGetVentasByCategoriaIdDaoHibernate"/>
  <testcase time="0.022" classname="es.udc.jcastedo.NosaTenda.test.model.reservaService.ReservaServiceTest" name="testGetReservasById"/>
  <testcase time="0.009" classname="es.udc.jcastedo.NosaTenda.test.model.reservaService.ReservaServiceTest" name="testEntregarReserva"/>
  <testcase time="0.009" classname="es.udc.jcastedo.NosaTenda.test.model.reservaService.ReservaServiceTest" name="testCancelarReservaIncorrectState"/>
  <testcase time="0.026" classname="es.udc.jcastedo.NosaTenda.test.model.reservaService.ReservaServiceTest" name="testGetReservas"/>
  <testcase time="0.006" classname="es.udc.jcastedo.NosaTenda.test.model.reservaService.ReservaServiceTest" name="testReserveProductoNoProducto"/>
  <testcase time="0.008" classname="es.udc.jcastedo.NosaTenda.test.model.reservaService.ReservaServiceTest" name="testCancelarReservaNotFound"/>
  <testcase time="0.023" classname="es.udc.jcastedo.NosaTenda.test.model.reservaService.ReservaServiceTest" name="testGetVentasByTiendaIdDaoHibernate"/>
  <testcase time="0.008" classname="es.udc.jcastedo.NosaTenda.test.model.reservaService.ReservaServiceTest" name="testGetReservasByIdEmpty"/>
  <testcase time="0.005" classname="es.udc.jcastedo.NosaTenda.test.model.reservaService.ReservaServiceTest" name="testReserveProductoNoCliente"/>
  <testcase time="0.006" classname="es.udc.jcastedo.NosaTenda.test.model.reservaService.ReservaServiceTest" name="testReserveProducto"/>
  <testcase time="0.051" classname="es.udc.jcastedo.NosaTenda.test.model.reservaService.ReservaServiceTest" name="testGetVentasByCategoriaIdDesgloseDaoHibernate"/>
  <testcase time="0.006" classname="es.udc.jcastedo.NosaTenda.test.model.reservaService.ReservaServiceTest" name="testReservaLazy"/>
</testsuite>